C:\Program Files (x86)\Microsoft Visual Studio\2017\Enterprise\Common7\IDE\VC\VCTargets\Microsoft.CppBuild.targets(377,5): warning MSB8004: Output 目錄結尾不是結尾斜線。這個建置執行個體將會加入此斜線，因為這樣才能正確評估 Output 目錄。
  Main.c
c:\110360202_鄭弘毅 一\6.19\source\main.c(11): warning C4244: '函式': 將 'time_t' 轉換為 'unsigned int'，由於類型不同，可能導致資料遺失
c:\110360202_鄭弘毅 一\6.19\source\main.c(27): warning C4566: 由通用字元名稱 '\u00B9' 表示的字元，無法在目前的字碼頁中表示 (950)
c:\110360202_鄭弘毅 一\6.19\source\main.c(27): warning C4566: 由通用字元名稱 '\u00EA' 表示的字元，無法在目前的字碼頁中表示 (950)
c:\110360202_鄭弘毅 一\6.19\source\main.c(27): warning C4566: 由通用字元名稱 '\u00BB' 表示的字元，無法在目前的字碼頁中表示 (950)
c:\110360202_鄭弘毅 一\6.19\source\main.c(27): warning C4566: 由通用字元名稱 '\u00DA' 表示的字元，無法在目前的字碼頁中表示 (950)
c:\110360202_鄭弘毅 一\6.19\source\main.c(27): warning C4566: 由通用字元名稱 '\u00BE' 表示的字元，無法在目前的字碼頁中表示 (950)
c:\110360202_鄭弘毅 一\6.19\source\main.c(27): warning C4566: 由通用字元名稱 '\u00B2' 表示的字元，無法在目前的字碼頁中表示 (950)
c:\110360202_鄭弘毅 一\6.19\source\main.c(32): warning C4566: 由通用字元名稱 '\u00AD' 表示的字元，無法在目前的字碼頁中表示 (950)
c:\110360202_鄭弘毅 一\6.19\source\main.c(32): warning C4566: 由通用字元名稱 '\u00BA' 表示的字元，無法在目前的字碼頁中表示 (950)
c:\110360202_鄭弘毅 一\6.19\source\main.c(32): warning C4566: 由通用字元名稱 '\u00E2' 表示的字元，無法在目前的字碼頁中表示 (950)
c:\110360202_鄭弘毅 一\6.19\source\main.c(32): warning C4566: 由通用字元名稱 '\u00BE' 表示的字元，無法在目前的字碼頁中表示 (950)
c:\110360202_鄭弘毅 一\6.19\source\main.c(32): warning C4566: 由通用字元名稱 '\u00B2' 表示的字元，無法在目前的字碼頁中表示 (950)
c:\110360202_鄭弘毅 一\6.19\source\main.c(48): warning C4244: '函式': 將 'float' 轉換為 'int'，由於類型不同，可能導致資料遺失
c:\110360202_鄭弘毅 一\6.19\source\main.c(50): warning C4566: 由通用字元名稱 '\u00AA' 表示的字元，無法在目前的字碼頁中表示 (950)
c:\110360202_鄭弘毅 一\6.19\source\main.c(50): warning C4566: 由通用字元名稱 '\u00BA' 表示的字元，無法在目前的字碼頁中表示 (950)
c:\110360202_鄭弘毅 一\6.19\source\main.c(50): warning C4566: 由通用字元名稱 '\u00BE' 表示的字元，無法在目前的字碼頁中表示 (950)
c:\110360202_鄭弘毅 一\6.19\source\main.c(50): warning C4566: 由通用字元名稱 '\u00B2' 表示的字元，無法在目前的字碼頁中表示 (950)
c:\110360202_鄭弘毅 一\6.19\source\main.c(50): warning C4566: 由通用字元名稱 '\u00A6' 表示的字元，無法在目前的字碼頁中表示 (950)
  6.19.vcxproj -> C:\110360202_鄭弘毅 一\6.19\6.19\6.19\..\..\temp\debug\6.19.exe
